<?xml version="1.0" encoding="UTF-8" ?>
<testsuite tests="18" failures="0" name="edu.yu.cs.com1320.project.stage5.impl.ProtectedDocStoreImplTest" time="0.315" errors="0" skipped="0">
  <properties>
[...]
</properties>
  <testcase classname="edu.yu.cs.com1320.project.stage5.impl.ProtectedDocStoreImplTest" name="dontDeleteFromTrieWhenWritingToDisk" time="0.026"/>
  <testcase classname="edu.yu.cs.com1320.project.stage5.impl.ProtectedDocStoreImplTest" name="testPDFPrefixSameTime" time="0.03"/>
  <testcase classname="edu.yu.cs.com1320.project.stage5.impl.ProtectedDocStoreImplTest" name="testPDFHaveSameTime" time="0.021"/>
  <testcase classname="edu.yu.cs.com1320.project.stage5.impl.ProtectedDocStoreImplTest" name="testDocWritingToDisk" time="0.015"/>
  <testcase classname="edu.yu.cs.com1320.project.stage5.impl.ProtectedDocStoreImplTest" name="testGetAllDocs" time="0.015"/>
  <testcase classname="edu.yu.cs.com1320.project.stage5.impl.ProtectedDocStoreImplTest" name="overrideByteTotal" time="0.017"/>
  <testcase classname="edu.yu.cs.com1320.project.stage5.impl.ProtectedDocStoreImplTest" name="testTooFarUndo" time="0.011"/>
  <testcase classname="edu.yu.cs.com1320.project.stage5.impl.ProtectedDocStoreImplTest" name="nsDoc" time="0.009"/>
  <testcase classname="edu.yu.cs.com1320.project.stage5.impl.ProtectedDocStoreImplTest" name="testMaxSize" time="0.029"/>
  <testcase classname="edu.yu.cs.com1320.project.stage5.impl.ProtectedDocStoreImplTest" name="testByteSizeTooBig" time="0.015"/>
  <testcase classname="edu.yu.cs.com1320.project.stage5.impl.ProtectedDocStoreImplTest" name="testUndoMultipleDocs" time="0.038"/>
  <testcase classname="edu.yu.cs.com1320.project.stage5.impl.ProtectedDocStoreImplTest" name="testReheapify" time="0.009"/>
  <testcase classname="edu.yu.cs.com1320.project.stage5.impl.ProtectedDocStoreImplTest" name="testDocCount" time="0.011"/>
  <testcase classname="edu.yu.cs.com1320.project.stage5.impl.ProtectedDocStoreImplTest" name="testOldest" time="0.009"/>
  <testcase classname="edu.yu.cs.com1320.project.stage5.impl.ProtectedDocStoreImplTest" name="docPrefixSameTime" time="0.011"/>
  <testcase classname="edu.yu.cs.com1320.project.stage5.impl.ProtectedDocStoreImplTest" name="testMaxDocCountMax1" time="0.011"/>
  <testcase classname="edu.yu.cs.com1320.project.stage5.impl.ProtectedDocStoreImplTest" name="testMaxDocCountMax2" time="0.017"/>
  <testcase classname="edu.yu.cs.com1320.project.stage5.impl.ProtectedDocStoreImplTest" name="testDocsHaveSameTime" time="0.021"/>
</testsuite>