<?xml version="1.0" encoding="UTF-8" ?>
<testsuite tests="16" failures="0" name="edu.yu.cs.com1320.project.stage4.impl.ProtectedDocStoreImplTest" time="0.165" errors="0" skipped="0">
  <properties>
[...]
</properties>
  <testcase classname="edu.yu.cs.com1320.project.stage4.impl.ProtectedDocStoreImplTest" name="testMaxDocCount" time="0.008"/>
  <testcase classname="edu.yu.cs.com1320.project.stage4.impl.ProtectedDocStoreImplTest" name="testPDFPrefixSameTime" time="0.076"/>
  <testcase classname="edu.yu.cs.com1320.project.stage4.impl.ProtectedDocStoreImplTest" name="testPDFHaveSameTime" time="0.021"/>
  <testcase classname="edu.yu.cs.com1320.project.stage4.impl.ProtectedDocStoreImplTest" name="testGetAllDocs" time="0.005"/>
  <testcase classname="edu.yu.cs.com1320.project.stage4.impl.ProtectedDocStoreImplTest" name="overrideByteTotal" time="0.006"/>
  <testcase classname="edu.yu.cs.com1320.project.stage4.impl.ProtectedDocStoreImplTest" name="testTooFarUndo" time="0.004"/>
  <testcase classname="edu.yu.cs.com1320.project.stage4.impl.ProtectedDocStoreImplTest" name="testMaxSize" time="0.005"/>
  <testcase classname="edu.yu.cs.com1320.project.stage4.impl.ProtectedDocStoreImplTest" name="testByteSizeTooBig" time="0.005"/>
  <testcase classname="edu.yu.cs.com1320.project.stage4.impl.ProtectedDocStoreImplTest" name="testUndoMultipleDocs" time="0.014"/>
  <testcase classname="edu.yu.cs.com1320.project.stage4.impl.ProtectedDocStoreImplTest" name="removeEverything" time="0.005"/>
  <testcase classname="edu.yu.cs.com1320.project.stage4.impl.ProtectedDocStoreImplTest" name="testReheapify" time="0.002"/>
  <testcase classname="edu.yu.cs.com1320.project.stage4.impl.ProtectedDocStoreImplTest" name="testDocCount" time="0.004"/>
  <testcase classname="edu.yu.cs.com1320.project.stage4.impl.ProtectedDocStoreImplTest" name="testOldest" time="0.003"/>
  <testcase classname="edu.yu.cs.com1320.project.stage4.impl.ProtectedDocStoreImplTest" name="docPrefixSameTime" time="0.003"/>
  <testcase classname="edu.yu.cs.com1320.project.stage4.impl.ProtectedDocStoreImplTest" name="testDocsHaveSameTime" time="0.002"/>
  <testcase classname="edu.yu.cs.com1320.project.stage4.impl.ProtectedDocStoreImplTest" name="putD1" time="0.002"/>
</testsuite>